<?xml version="1.0" encoding="UTF-8"?>
<testng-results ignored="0" total="0" passed="0" failed="0" skipped="0">
  <reporter-output>
  </reporter-output>
  <suite started-at="2023-02-04T23:07:28 EET" name="Surefire suite" finished-at="2023-02-04T23:07:28 EET" duration-ms="24">
    <groups>
    </groups>
    <test started-at="2023-02-04T23:07:28 EET" name="Surefire test" finished-at="2023-02-04T23:07:28 EET" duration-ms="24">
    </test> <!-- Surefire test -->
  </suite> <!-- Surefire suite -->
</testng-results>
